<?xml version="1.0" encoding="UTF-8"?>
<!-- Generated by org.testng.reporters.JUnitReportReporter -->
<testsuite hostname="Mutri" failures="0" tests="5" name="seleniumclass1.TestNG3" time="0.031" errors="0" timestamp="2024-10-01T01:40:26 IST" skipped="2">
  <testcase classname="seleniumclass1.TestNG3" name="test1" time="0.005"/>
  <testcase classname="seleniumclass1.TestNG3" name="test3" time="0.007">
    <skipped/>
  </testcase> <!-- test3 -->
  <testcase classname="seleniumclass1.TestNG3" name="test1" time="0.016"/>
  <testcase classname="seleniumclass1.TestNG3" name="test4" time="0.003"/>
  <testcase classname="seleniumclass1.TestNG3" name="a">
    <skipped/>
  </testcase> <!-- a -->
</testsuite> <!-- seleniumclass1.TestNG3 -->
