<?xml version="1.0" encoding="UTF-8"?>
<!-- Generated by org.testng.reporters.JUnitReportReporter -->
<testsuite hostname="Mutri" failures="0" tests="1" name="seleniumclass1.TestClass" time="0.010" errors="0" timestamp="2024-09-29T08:37:00 IST" skipped="0">
  <testcase classname="seleniumclass1.TestClass" name="test" time="0.010"/>
</testsuite> <!-- seleniumclass1.TestClass -->
