<?xml version="1.0" encoding="UTF-8"?>
<!-- Generated by org.testng.reporters.JUnitReportReporter -->
<testsuite hostname="Mutri" failures="0" tests="4" name="TestNGGroup.TestGroup1" time="0.034" errors="0" timestamp="2024-10-02T05:14:32 IST" skipped="0">
  <testcase classname="TestNGGroup.TestGroup1" name="test2" time="0.004"/>
  <testcase classname="TestNGGroup.TestGroup1" name="test1" time="0.020"/>
  <testcase classname="TestNGGroup.TestGroup1" name="test3" time="0.006"/>
  <testcase classname="TestNGGroup.TestGroup1" name="test4" time="0.004"/>
</testsuite> <!-- TestNGGroup.TestGroup1 -->
