<?xml version="1.0" encoding="UTF-8"?>
<!-- Generated by org.testng.reporters.JUnitReportReporter -->
<testsuite hostname="Mutri" failures="0" tests="3" name="seleniumclass1.TestNG" time="0.021" errors="0" timestamp="2024-10-01T01:07:19 IST" skipped="0">
  <testcase classname="seleniumclass1.TestNG" name="test1" time="0.005"/>
  <testcase classname="seleniumclass1.TestNG" name="a" time="0.011"/>
  <testcase classname="seleniumclass1.TestNG" name="test2" time="0.005"/>
</testsuite> <!-- seleniumclass1.TestNG -->
