<?xml version="1.0" encoding="UTF-8"?>
<!-- Generated by org.testng.reporters.JUnitReportReporter -->
<testsuite hostname="Mutri" failures="0" tests="3" name="seleniumclass1.TestNG5" time="1.487" errors="0" timestamp="2024-10-01T10:49:07 IST" skipped="0">
  <testcase classname="seleniumclass1.TestNG5" name="logincheck" time="0.474"/>
  <testcase classname="seleniumclass1.TestNG5" name="logincheck" time="0.534"/>
  <testcase classname="seleniumclass1.TestNG5" name="logincheck" time="0.479"/>
</testsuite> <!-- seleniumclass1.TestNG5 -->
