<?xml version="1.0" encoding="UTF-8"?>
<!-- Generated by org.testng.reporters.JUnitReportReporter -->
<testsuite hostname="Mutri" failures="0" tests="5" name="seleniumclass1.TestNG2" time="0.043" errors="0" timestamp="2024-10-01T01:11:58 IST" skipped="0">
  <testcase classname="seleniumclass1.TestNG2" name="Test1" time="0.018"/>
  <testcase classname="seleniumclass1.TestNG2" name="a" time="0.010"/>
  <testcase classname="seleniumclass1.TestNG2" name="a1" time="0.007"/>
  <testcase classname="seleniumclass1.TestNG2" name="test1" time="0.003"/>
  <testcase classname="seleniumclass1.TestNG2" name="test2" time="0.005"/>
</testsuite> <!-- seleniumclass1.TestNG2 -->
