<?xml version="1.0" encoding="UTF-8"?>
<!-- Generated by org.testng.reporters.JUnitReportReporter -->
<testsuite hostname="Mutri" failures="0" tests="4" name="TestNGGroup.TestGroup2" time="0.016" errors="0" timestamp="2024-10-02T05:14:32 IST" skipped="0">
  <testcase classname="TestNGGroup.TestGroup2" name="test9" time="0.003"/>
  <testcase classname="TestNGGroup.TestGroup2" name="test7" time="0.006"/>
  <testcase classname="TestNGGroup.TestGroup2" name="test6" time="0.002"/>
  <testcase classname="TestNGGroup.TestGroup2" name="test8" time="0.005"/>
</testsuite> <!-- TestNGGroup.TestGroup2 -->
